<?xml version="1.0" encoding="UTF-8"?>
<testsuite xmlns:xsi="http://www.w3.org/2001/XMLSchema-instance" xsi:noNamespaceSchemaLocation="https://maven.apache.org/surefire/maven-surefire-plugin/xsd/surefire-test-report-3.0.xsd" version="3.0" name="jhon.JhonTest" time="0.043" tests="55" errors="0" skipped="0" failures="0">
  <properties>
[...]
</properties>
  <testcase name="testTrailingCommas" classname="jhon.JhonTest" time="0.009"/>
  <testcase name="testUnicodeEscape" classname="jhon.JhonTest" time="0.0"/>
  <testcase name="testQuotedKeysWithSpaces" classname="jhon.JhonTest" time="0.0"/>
  <testcase name="testQuotesInsideStrings" classname="jhon.JhonTest" time="0.0"/>
  <testcase name="testEmptyInput" classname="jhon.JhonTest" time="0.001"/>
  <testcase name="testSerializeStringWithQuotes" classname="jhon.JhonTest" time="0.0"/>
  <testcase name="testErrorExpectedEquals" classname="jhon.JhonTest" time="0.0"/>
  <testcase name="testSerializeRoundTripComplex" classname="jhon.JhonTest" time="0.0"/>
  <testcase name="testNestedObjects" classname="jhon.JhonTest" time="0.001"/>
  <testcase name="testBooleans" classname="jhon.JhonTest" time="0.0"/>
  <testcase name="testErrorUnterminatedString" classname="jhon.JhonTest" time="0.0"/>
  <testcase name="testMultilineComments" classname="jhon.JhonTest" time="0.0"/>
  <testcase name="testSerializeNull" classname="jhon.JhonTest" time="0.0"/>
  <testcase name="testSerializeKeysWithSpecialChars" classname="jhon.JhonTest" time="0.001"/>
  <testcase name="testErrorInvalidBoolean" classname="jhon.JhonTest" time="0.0"/>
  <testcase name="testSerializePrettyNestedObjects" classname="jhon.JhonTest" time="0.0"/>
  <testcase name="testSerializePrettyArrayWithObjects" classname="jhon.JhonTest" time="0.001"/>
  <testcase name="testArraysInObjects" classname="jhon.JhonTest" time="0.0"/>
  <testcase name="testSerializePrettyRoundTrip" classname="jhon.JhonTest" time="0.001"/>
  <testcase name="testNumbersWithUnderscores" classname="jhon.JhonTest" time="0.0"/>
  <testcase name="testSerializeEmptyArray" classname="jhon.JhonTest" time="0.001"/>
  <testcase name="testSerializeRoundTripSimple" classname="jhon.JhonTest" time="0.0"/>
  <testcase name="testStringEscaping" classname="jhon.JhonTest" time="0.001"/>
  <testcase name="testSerializeNestedObject" classname="jhon.JhonTest" time="0.0"/>
  <testcase name="testSerializeEmptyObject" classname="jhon.JhonTest" time="0.0"/>
  <testcase name="testSerializeStringWithEscapes" classname="jhon.JhonTest" time="0.0"/>
  <testcase name="testSerializePrettyArray" classname="jhon.JhonTest" time="0.0"/>
  <testcase name="testMultiline" classname="jhon.JhonTest" time="0.0"/>
  <testcase name="testSerializeBoolean" classname="jhon.JhonTest" time="0.0"/>
  <testcase name="testEmptyArrays" classname="jhon.JhonTest" time="0.0"/>
  <testcase name="testDeeplyNestedObjects" classname="jhon.JhonTest" time="0.0"/>
  <testcase name="testRawStrings" classname="jhon.JhonTest" time="0.001"/>
  <testcase name="testSerializeString" classname="jhon.JhonTest" time="0.0"/>
  <testcase name="testRoundTripComplexConfiguration" classname="jhon.JhonTest" time="0.001"/>
  <testcase name="testSingleLineComments" classname="jhon.JhonTest" time="0.0"/>
  <testcase name="testErrorUnterminatedNestedObject" classname="jhon.JhonTest" time="0.001"/>
  <testcase name="testArraysWithMixedTypes" classname="jhon.JhonTest" time="0.0"/>
  <testcase name="testBasicKeyValue" classname="jhon.JhonTest" time="0.001"/>
  <testcase name="testSerializeArrayWithObjects" classname="jhon.JhonTest" time="0.0"/>
  <testcase name="testStringValues" classname="jhon.JhonTest" time="0.0"/>
  <testcase name="testSingleQuotedStrings" classname="jhon.JhonTest" time="0.001"/>
  <testcase name="testSerializeBasicObject" classname="jhon.JhonTest" time="0.0"/>
  <testcase name="testSerializePrettyBasicObject" classname="jhon.JhonTest" time="0.0"/>
  <testcase name="testErrorInvalidNull" classname="jhon.JhonTest" time="0.0"/>
  <testcase name="testComplexNestedStructure" classname="jhon.JhonTest" time="0.0"/>
  <testcase name="testArraysWithNumbers" classname="jhon.JhonTest" time="0.001"/>
  <testcase name="testSerializeArray" classname="jhon.JhonTest" time="0.0"/>
  <testcase name="testNullValue" classname="jhon.JhonTest" time="0.0"/>
  <testcase name="testArraysWithStrings" classname="jhon.JhonTest" time="0.0"/>
  <testcase name="testErrorUnterminatedArray" classname="jhon.JhonTest" time="0.0"/>
  <testcase name="testSerializeNumbers" classname="jhon.JhonTest" time="0.001"/>
  <testcase name="testNumbers" classname="jhon.JhonTest" time="0.0"/>
  <testcase name="testRawStringsWithHashes" classname="jhon.JhonTest" time="0.0"/>
  <testcase name="testStringTypes" classname="jhon.JhonTest" time="0.001"/>
  <testcase name="testArrayTrailingCommas" classname="jhon.JhonTest" time="0.0"/>
</testsuite>